Error[105]   D:\HOBBY\PROSJEKTER\MULTITRX\BOOTLOADER\BL-FIRMWARE\SRC\DS30LOADER.ASM 70 : Cannot open file (Include File "D:\HOBBY\PROSJEKTER\MULTITRX\BOOTLOADER\BL-FIRMWARE\SRC\SETTINGS_MULTITRX_10.INC")
Error[113]   D:\HOBBY\PROSJEKTER\MULTITRX\BOOTLOADER\BL-FIRMWARE\SRC\DS30LOADER.ASM 93 : Symbol not previously defined (BLINIT)
Error[113]   D:\HOBBY\PROSJEKTER\MULTITRX\BOOTLOADER\BL-FIRMWARE\SRC\DS30LOADER.ASM 140 : Symbol not previously defined (OSCF)
Error[113]   D:\HOBBY\PROSJEKTER\MULTITRX\BOOTLOADER\BL-FIRMWARE\SRC\DS30LOADER.ASM 143 : Symbol not previously defined (BLINIT)
Error[113]   D:\HOBBY\PROSJEKTER\MULTITRX\BOOTLOADER\BL-FIRMWARE\SRC\DS30LOADER.ASM 146 : Symbol not previously defined (BLINIT)
Error[101]   D:\HOBBY\PROSJEKTER\MULTITRX\BOOTLOADER\BL-FIRMWARE\SRC\DS30LOADER.ASM 147 : ERROR: (( BLINIT / 10 ) might be out of range)
Error[113]   D:\HOBBY\PROSJEKTER\MULTITRX\BOOTLOADER\BL-FIRMWARE\SRC\DS30LOADER.ASM 150 : Symbol not previously defined (BLTIME)
Error[113]   D:\HOBBY\PROSJEKTER\MULTITRX\BOOTLOADER\BL-FIRMWARE\SRC\DS30LOADER.ASM 153 : Symbol not previously defined (BLTIME)
Error[101]   D:\HOBBY\PROSJEKTER\MULTITRX\BOOTLOADER\BL-FIRMWARE\SRC\DS30LOADER.ASM 154 : ERROR: (BLDELAY_ might be out of range)
Error[113]   D:\HOBBY\PROSJEKTER\MULTITRX\BOOTLOADER\BL-FIRMWARE\SRC\DS30LOADER.ASM 163 : Symbol not previously defined (ROWSIZEW)
Error[113]   D:\HOBBY\PROSJEKTER\MULTITRX\BOOTLOADER\BL-FIRMWARE\SRC\DS30LOADER.ASM 206 : Symbol not previously defined (MAX_FLASH)
Error[113]   D:\HOBBY\PROSJEKTER\MULTITRX\BOOTLOADER\BL-FIRMWARE\SRC\DS30LOADER.ASM 206 : Symbol not previously defined (BLPLP)
Error[113]   D:\HOBBY\PROSJEKTER\MULTITRX\BOOTLOADER\BL-FIRMWARE\SRC\DS30LOADER.ASM 206 : Symbol not previously defined (PAGESIZEW)
Error[113]   D:\HOBBY\PROSJEKTER\MULTITRX\BOOTLOADER\BL-FIRMWARE\SRC\DS30LOADER.ASM 206 : Symbol not previously defined (ROWSIZEW)
Error[113]   D:\HOBBY\PROSJEKTER\MULTITRX\BOOTLOADER\BL-FIRMWARE\SRC\DS30LOADER.ASM 206 : Symbol not previously defined (ROWSIZEW)
Error[114]   D:\HOBBY\PROSJEKTER\MULTITRX\BOOTLOADER\BL-FIRMWARE\SRC\DS30LOADER.ASM 206 : Divide by zero
Error[113]   D:\HOBBY\PROSJEKTER\MULTITRX\BOOTLOADER\BL-FIRMWARE\SRC\DS30LOADER.ASM 206 : Symbol not previously defined (MAX_FLASH)
Error[113]   D:\HOBBY\PROSJEKTER\MULTITRX\BOOTLOADER\BL-FIRMWARE\SRC\DS30LOADER.ASM 206 : Symbol not previously defined (BLPLP)
Error[113]   D:\HOBBY\PROSJEKTER\MULTITRX\BOOTLOADER\BL-FIRMWARE\SRC\DS30LOADER.ASM 206 : Symbol not previously defined (PAGESIZEW)
Error[113]   D:\HOBBY\PROSJEKTER\MULTITRX\BOOTLOADER\BL-FIRMWARE\SRC\DS30LOADER.ASM 206 : Symbol not previously defined (ROWSIZEW)
Error[113]   D:\HOBBY\PROSJEKTER\MULTITRX\BOOTLOADER\BL-FIRMWARE\SRC\DS30LOADER.ASM 206 : Symbol not previously defined (ROWSIZEW)
Error[114]   D:\HOBBY\PROSJEKTER\MULTITRX\BOOTLOADER\BL-FIRMWARE\SRC\DS30LOADER.ASM 206 : Divide by zero
Error[113]   D:\HOBBY\PROSJEKTER\MULTITRX\BOOTLOADER\BL-FIRMWARE\SRC\DS30LOADER.ASM 214 : Symbol not previously defined (MAX_FLASH)
Error[113]   D:\HOBBY\PROSJEKTER\MULTITRX\BOOTLOADER\BL-FIRMWARE\SRC\DS30LOADER.ASM 214 : Symbol not previously defined (BLPLP)
Error[113]   D:\HOBBY\PROSJEKTER\MULTITRX\BOOTLOADER\BL-FIRMWARE\SRC\DS30LOADER.ASM 214 : Symbol not previously defined (PAGESIZEW)
Error[113]   D:\HOBBY\PROSJEKTER\MULTITRX\BOOTLOADER\BL-FIRMWARE\SRC\DS30LOADER.ASM 214 : Symbol not previously defined (ROWSIZEW)
Error[113]   D:\HOBBY\PROSJEKTER\MULTITRX\BOOTLOADER\BL-FIRMWARE\SRC\DS30LOADER.ASM 214 : Symbol not previously defined (ROWSIZEW)
Error[114]   D:\HOBBY\PROSJEKTER\MULTITRX\BOOTLOADER\BL-FIRMWARE\SRC\DS30LOADER.ASM 214 : Divide by zero
Error[113]   D:\HOBBY\PROSJEKTER\MULTITRX\BOOTLOADER\BL-FIRMWARE\SRC\DS30LOADER.ASM 214 : Symbol not previously defined (MAX_FLASH)
Error[113]   D:\HOBBY\PROSJEKTER\MULTITRX\BOOTLOADER\BL-FIRMWARE\SRC\DS30LOADER.ASM 214 : Symbol not previously defined (BLPLP)
Error[113]   D:\HOBBY\PROSJEKTER\MULTITRX\BOOTLOADER\BL-FIRMWARE\SRC\DS30LOADER.ASM 214 : Symbol not previously defined (PAGESIZEW)
Error[113]   D:\HOBBY\PROSJEKTER\MULTITRX\BOOTLOADER\BL-FIRMWARE\SRC\DS30LOADER.ASM 214 : Symbol not previously defined (ROWSIZEW)
Error[113]   D:\HOBBY\PROSJEKTER\MULTITRX\BOOTLOADER\BL-FIRMWARE\SRC\DS30LOADER.ASM 214 : Symbol not previously defined (ROWSIZEW)
Error[114]   D:\HOBBY\PROSJEKTER\MULTITRX\BOOTLOADER\BL-FIRMWARE\SRC\DS30LOADER.ASM 214 : Divide by zero
Error[105]   D:\HOBBY\PROSJEKTER\MULTITRX\BOOTLOADER\BL-FIRMWARE\SRC\DS30LOADER.ASM 236 : Cannot open file (Include File "D:\HOBBY\PROSJEKTER\MULTITRX\BOOTLOADER\BL-FIRMWARE\SRC\USRCODE_MULTITRX_10.INC")
Error[118]   D:\HOBBY\PROSJEKTER\MULTITRX\BOOTLOADER\BL-FIRMWARE\SRC\DS30LOADER.ASM 276 : Overwriting previous address contents (0000)
Error[118]   D:\HOBBY\PROSJEKTER\MULTITRX\BOOTLOADER\BL-FIRMWARE\SRC\DS30LOADER.ASM 276 : Overwriting previous address contents (0001)
Error[113]   D:\HOBBY\PROSJEKTER\MULTITRX\BOOTLOADER\BL-FIRMWARE\SRC\DS30LOADER.ASM 277 : Symbol not previously defined (CommInit)
Error[118]   D:\HOBBY\PROSJEKTER\MULTITRX\BOOTLOADER\BL-FIRMWARE\SRC\DS30LOADER.ASM 277 : Overwriting previous address contents (0002)
Error[118]   D:\HOBBY\PROSJEKTER\MULTITRX\BOOTLOADER\BL-FIRMWARE\SRC\DS30LOADER.ASM 277 : Overwriting previous address contents (0003)
Error[113]   D:\HOBBY\PROSJEKTER\MULTITRX\BOOTLOADER\BL-FIRMWARE\SRC\DS30LOADER.ASM 284 : Symbol not previously defined (BLINIT)
Error[113]   D:\HOBBY\PROSJEKTER\MULTITRX\BOOTLOADER\BL-FIRMWARE\SRC\DS30LOADER.ASM 285 : Symbol not previously defined (RcvIni)
Error[113]   D:\HOBBY\PROSJEKTER\MULTITRX\BOOTLOADER\BL-FIRMWARE\SRC\DS30LOADER.ASM 291 : Symbol not previously defined (HELLOTRIES)
Error[113]   D:\HOBBY\PROSJEKTER\MULTITRX\BOOTLOADER\BL-FIRMWARE\SRC\DS30LOADER.ASM 190 : Symbol not previously defined (DEVICEID)
Error[113]   D:\HOBBY\PROSJEKTER\MULTITRX\BOOTLOADER\BL-FIRMWARE\SRC\DS30LOADER.ASM 191 : Symbol not previously defined (Send)
Error[113]   D:\HOBBY\PROSJEKTER\MULTITRX\BOOTLOADER\BL-FIRMWARE\SRC\DS30LOADER.ASM 190 : Symbol not previously defined (DEVICEID)
Error[113]   D:\HOBBY\PROSJEKTER\MULTITRX\BOOTLOADER\BL-FIRMWARE\SRC\DS30LOADER.ASM 191 : Symbol not previously defined (Send)
Error[113]   D:\HOBBY\PROSJEKTER\MULTITRX\BOOTLOADER\BL-FIRMWARE\SRC\DS30LOADER.ASM 190 : Symbol not previously defined (DEVICEID)
Error[113]   D:\HOBBY\PROSJEKTER\MULTITRX\BOOTLOADER\BL-FIRMWARE\SRC\DS30LOADER.ASM 191 : Symbol not previously defined (Send)
Error[113]   D:\HOBBY\PROSJEKTER\MULTITRX\BOOTLOADER\BL-FIRMWARE\SRC\DS30LOADER.ASM 191 : Symbol not previously defined (Send)
Error[113]   D:\HOBBY\PROSJEKTER\MULTITRX\BOOTLOADER\BL-FIRMWARE\SRC\DS30LOADER.ASM 316 : Symbol not previously defined (Receive)
Error[113]   D:\HOBBY\PROSJEKTER\MULTITRX\BOOTLOADER\BL-FIRMWARE\SRC\DS30LOADER.ASM 317 : Symbol not previously defined (TBLPTRU)
Error[113]   D:\HOBBY\PROSJEKTER\MULTITRX\BOOTLOADER\BL-FIRMWARE\SRC\DS30LOADER.ASM 319 : Symbol not previously defined (Receive)
Error[113]   D:\HOBBY\PROSJEKTER\MULTITRX\BOOTLOADER\BL-FIRMWARE\SRC\DS30LOADER.ASM 320 : Symbol not previously defined (TBLPTRH)
Error[113]   D:\HOBBY\PROSJEKTER\MULTITRX\BOOTLOADER\BL-FIRMWARE\SRC\DS30LOADER.ASM 325 : Symbol not previously defined (Receive)
Error[113]   D:\HOBBY\PROSJEKTER\MULTITRX\BOOTLOADER\BL-FIRMWARE\SRC\DS30LOADER.ASM 326 : Symbol not previously defined (TBLPTRL)
Error[113]   D:\HOBBY\PROSJEKTER\MULTITRX\BOOTLOADER\BL-FIRMWARE\SRC\DS30LOADER.ASM 335 : Symbol not previously defined (Receive)
Error[113]   D:\HOBBY\PROSJEKTER\MULTITRX\BOOTLOADER\BL-FIRMWARE\SRC\DS30LOADER.ASM 342 : Symbol not previously defined (Receive)
Error[113]   D:\HOBBY\PROSJEKTER\MULTITRX\BOOTLOADER\BL-FIRMWARE\SRC\DS30LOADER.ASM 352 : Symbol not previously defined (FSR0)
Error[113]   D:\HOBBY\PROSJEKTER\MULTITRX\BOOTLOADER\BL-FIRMWARE\SRC\DS30LOADER.ASM 353 : Symbol not previously defined (Receive)
Error[113]   D:\HOBBY\PROSJEKTER\MULTITRX\BOOTLOADER\BL-FIRMWARE\SRC\DS30LOADER.ASM 354 : Symbol not previously defined (POSTINC0)
Error[113]   D:\HOBBY\PROSJEKTER\MULTITRX\BOOTLOADER\BL-FIRMWARE\SRC\DS30LOADER.ASM 406 : Symbol not previously defined (FSR0)
Error[113]   D:\HOBBY\PROSJEKTER\MULTITRX\BOOTLOADER\BL-FIRMWARE\SRC\DS30LOADER.ASM 191 : Symbol not previously defined (Send)
Error[113]   D:\HOBBY\PROSJEKTER\MULTITRX\BOOTLOADER\BL-FIRMWARE\SRC\DS30LOADER.ASM 444 : Symbol not previously defined (CommExit)
Error[126]   D:\HOBBY\PROSJEKTER\MULTITRX\BOOTLOADER\BL-FIRMWARE\SRC\DS30LOADER.ASM 445 : Argument out of range (FFC7 not between FC00 and 03FF)
Error[113]   D:\HOBBY\PROSJEKTER\MULTITRX\BOOTLOADER\BL-FIRMWARE\SRC\DS30LOADER.ASM 533 : Symbol not previously defined (ROWSIZEW)
Error[113]   D:\HOBBY\PROSJEKTER\MULTITRX\BOOTLOADER\BL-FIRMWARE\SRC\DS30LOADER.ASM 537 : Symbol not previously defined (POSTINC0)
Error[113]   D:\HOBBY\PROSJEKTER\MULTITRX\BOOTLOADER\BL-FIRMWARE\SRC\DS30LOADER.ASM 537 : Symbol not previously defined (TABLAT)
Error[113]   D:\HOBBY\PROSJEKTER\MULTITRX\BOOTLOADER\BL-FIRMWARE\SRC\DS30LOADER.ASM 550 : Symbol not previously defined (FSR0)
Error[113]   D:\HOBBY\PROSJEKTER\MULTITRX\BOOTLOADER\BL-FIRMWARE\SRC\DS30LOADER.ASM 550 : Symbol not previously defined (ROWSIZEW)
Error[126]   D:\HOBBY\PROSJEKTER\MULTITRX\BOOTLOADER\BL-FIRMWARE\SRC\DS30LOADER.ASM 550 : Argument out of range (FFFF not between 0000 and 0FFF)
Error[113]   D:\HOBBY\PROSJEKTER\MULTITRX\BOOTLOADER\BL-FIRMWARE\SRC\DS30LOADER.ASM 553 : Symbol not previously defined (POSTDEC0)
Error[113]   D:\HOBBY\PROSJEKTER\MULTITRX\BOOTLOADER\BL-FIRMWARE\SRC\DS30LOADER.ASM 555 : Symbol not previously defined (TABLAT)
Error[113]   D:\HOBBY\PROSJEKTER\MULTITRX\BOOTLOADER\BL-FIRMWARE\SRC\DS30LOADER.ASM 589 : Symbol not previously defined (INDF0)
Error[113]   D:\HOBBY\PROSJEKTER\MULTITRX\BOOTLOADER\BL-FIRMWARE\SRC\DS30LOADER.ASM 589 : Symbol not previously defined (TABLAT)
Error[113]   D:\HOBBY\PROSJEKTER\MULTITRX\BOOTLOADER\BL-FIRMWARE\SRC\DS30LOADER.ASM 191 : Symbol not previously defined (Send)
Error[113]   D:\HOBBY\PROSJEKTER\MULTITRX\BOOTLOADER\BL-FIRMWARE\SRC\DS30LOADER.ASM 191 : Symbol not previously defined (Send)
Error[113]   D:\HOBBY\PROSJEKTER\MULTITRX\BOOTLOADER\BL-FIRMWARE\SRC\DS30LOADER.ASM 615 : Symbol not previously defined (EECON1)
Error[113]   D:\HOBBY\PROSJEKTER\MULTITRX\BOOTLOADER\BL-FIRMWARE\SRC\DS30LOADER.ASM 617 : Symbol not previously defined (EECON2)
Error[113]   D:\HOBBY\PROSJEKTER\MULTITRX\BOOTLOADER\BL-FIRMWARE\SRC\DS30LOADER.ASM 619 : Symbol not previously defined (EECON2)
Error[113]   D:\HOBBY\PROSJEKTER\MULTITRX\BOOTLOADER\BL-FIRMWARE\SRC\DS30LOADER.ASM 620 : Symbol not previously defined (WR)
Error[113]   D:\HOBBY\PROSJEKTER\MULTITRX\BOOTLOADER\BL-FIRMWARE\SRC\DS30LOADER.ASM 620 : Symbol not previously defined (EECON1)
Error[113]   D:\HOBBY\PROSJEKTER\MULTITRX\BOOTLOADER\BL-FIRMWARE\SRC\DS30LOADER.ASM 622 : Symbol not previously defined (WR)
Error[113]   D:\HOBBY\PROSJEKTER\MULTITRX\BOOTLOADER\BL-FIRMWARE\SRC\DS30LOADER.ASM 622 : Symbol not previously defined (EECON1)
Error[113]   D:\HOBBY\PROSJEKTER\MULTITRX\BOOTLOADER\BL-FIRMWARE\SRC\DS30LOADER.ASM 624 : Symbol not previously defined (WREN)
Error[113]   D:\HOBBY\PROSJEKTER\MULTITRX\BOOTLOADER\BL-FIRMWARE\SRC\DS30LOADER.ASM 624 : Symbol not previously defined (EECON1)
